<?xml version="1.0" encoding="UTF-8"?>
<!-- Generated by org.testng.reporters.JUnitXMLReporter -->
<testsuite hostname="WD20180403-01" ignored="9" name="GroupsDemo" tests="2" failures="0" timestamp="26 Oct 2018 22:50:15 GMT" time="33.79" errors="0">
  <testcase name="Searching_Test" time="13.222" classname="LittleCat_TestNG.SRM_TestNG"/>
  <testcase name="Select_Result_Type_Test" time="11.532" classname="LittleCat_TestNG.SRM_TestNG"/>
  <testcase name="Select_SRM_Test" time="0.0" classname="LittleCat_TestNG.SRM_TestNG">
    <ignored/>
  </testcase> <!-- Select_SRM_Test -->
  <testcase name="Error_Test" time="0.0" classname="LittleCat_TestNG.SRM_TestNG">
    <ignored/>
  </testcase> <!-- Error_Test -->
  <testcase name="doLogin" time="0.0" classname="LittleCat_TestNG.SRM_TestNG">
    <ignored/>
  </testcase> <!-- doLogin -->
  <testcase name="Select_Airplane_Test" time="0.0" classname="LittleCat_TestNG.SRM_TestNG">
    <ignored/>
  </testcase> <!-- Select_Airplane_Test -->
  <testcase name="LC_test" time="0.0" classname="LittleCat_TestNG.SRM_TestNG">
    <ignored/>
  </testcase> <!-- LC_test -->
  <testcase name="Select_Airline_Doc_Test" time="0.0" classname="LittleCat_TestNG.SRM_TestNG">
    <ignored/>
  </testcase> <!-- Select_Airline_Doc_Test -->
  <testcase name="Agreement_click_Test" time="0.0" classname="LittleCat_TestNG.SRM_TestNG">
    <ignored/>
  </testcase> <!-- Agreement_click_Test -->
  <testcase name="Select_Airplane" time="0.0" classname="LittleCat_TestNG.SRM_TestNG">
    <ignored/>
  </testcase> <!-- Select_Airplane -->
  <testcase name="Select_SWPM_Test" time="0.0" classname="LittleCat_TestNG.SRM_TestNG">
    <ignored/>
  </testcase> <!-- Select_SWPM_Test -->
</testsuite> <!-- GroupsDemo -->
