<?xml version="1.0" encoding="UTF-8"?>
<!-- Generated by org.testng.reporters.JUnitXMLReporter -->
<testsuite hostname="WD20180403-01" ignored="6" name="Default test" tests="2" failures="0" timestamp="30 Oct 2018 21:10:13 GMT" time="25.179" errors="0">
  <testcase name="test_two_Simple_Form_Demo" time="10.628" classname="Hub_Server.Chrome_Hub_Server"/>
  <testcase name="test_Drag_And_Drop" time="1.509" classname="Hub_Server.Chrome_Hub_Server"/>
  <testcase name="Test_three_Table_Sort_And_Search_Demo" time="0.0" classname="Hub_Server.Chrome_Hub_Server">
    <ignored/>
  </testcase> <!-- Test_three_Table_Sort_And_Search_Demo -->
  <testcase name="test_one" time="0.0" classname="Hub_Server.Chrome_Hub_Server">
    <ignored/>
  </testcase> <!-- test_one -->
  <testcase name="test_Bootstrap_Dual_List_Box" time="0.0" classname="Hub_Server.Chrome_Hub_Server">
    <ignored/>
  </testcase> <!-- test_Bootstrap_Dual_List_Box -->
  <testcase name="Exception_test" time="0.0" classname="Hub_Server.Chrome_Hub_Server">
    <ignored/>
  </testcase> <!-- Exception_test -->
  <testcase name="test_five_alert_pop_up" time="0.0" classname="Hub_Server.Chrome_Hub_Server">
    <ignored/>
  </testcase> <!-- test_five_alert_pop_up -->
  <testcase name="JQuery_Dual_List_Box" time="0.0" classname="Hub_Server.Chrome_Hub_Server">
    <ignored/>
  </testcase> <!-- JQuery_Dual_List_Box -->
</testsuite> <!-- Default test -->
