<?xml version="1.0" encoding="UTF-8"?>
<!-- Generated by org.testng.reporters.JUnitXMLReporter -->
<testsuite hostname="WD20180403-01" ignored="12" name="Node_FireFox_Chrome" tests="4" failures="0" timestamp="31 Oct 2018 18:09:48 GMT" time="187.857" errors="0">
  <testcase name="test_two_Simple_Form_Demo" time="29.852" classname="Node_Remote.FireFox_Node_Remote"/>
  <testcase name="test_two_Simple_Form_Demo" time="99.685" classname="Node_Remote.Chrome_Node_Remote"/>
  <testcase name="test_Drag_And_Drop" time="27.816" classname="Node_Remote.FireFox_Node_Remote"/>
  <testcase name="test_Drag_And_Drop" time="2.239" classname="Node_Remote.Chrome_Node_Remote"/>
  <testcase name="Test_three_Table_Sort_And_Search_Demo" time="0.0" classname="Node_Remote.Chrome_Node_Remote">
    <ignored/>
  </testcase> <!-- Test_three_Table_Sort_And_Search_Demo -->
  <testcase name="test_Bootstrap_Dual_List_Box" time="0.0" classname="Node_Remote.FireFox_Node_Remote">
    <ignored/>
  </testcase> <!-- test_Bootstrap_Dual_List_Box -->
  <testcase name="Test_three_Table_Sort_And_Search_Demo" time="0.0" classname="Node_Remote.FireFox_Node_Remote">
    <ignored/>
  </testcase> <!-- Test_three_Table_Sort_And_Search_Demo -->
  <testcase name="test_one" time="0.0" classname="Node_Remote.FireFox_Node_Remote">
    <ignored/>
  </testcase> <!-- test_one -->
  <testcase name="test_one" time="0.0" classname="Node_Remote.Chrome_Node_Remote">
    <ignored/>
  </testcase> <!-- test_one -->
  <testcase name="test_Bootstrap_Dual_List_Box" time="0.0" classname="Node_Remote.Chrome_Node_Remote">
    <ignored/>
  </testcase> <!-- test_Bootstrap_Dual_List_Box -->
  <testcase name="Exception_test" time="0.0" classname="Node_Remote.FireFox_Node_Remote">
    <ignored/>
  </testcase> <!-- Exception_test -->
  <testcase name="Exception_test" time="0.0" classname="Node_Remote.Chrome_Node_Remote">
    <ignored/>
  </testcase> <!-- Exception_test -->
  <testcase name="test_five_alert_pop_up" time="0.0" classname="Node_Remote.FireFox_Node_Remote">
    <ignored/>
  </testcase> <!-- test_five_alert_pop_up -->
  <testcase name="JQuery_Dual_List_Box" time="0.0" classname="Node_Remote.FireFox_Node_Remote">
    <ignored/>
  </testcase> <!-- JQuery_Dual_List_Box -->
  <testcase name="test_five_alert_pop_up" time="0.0" classname="Node_Remote.Chrome_Node_Remote">
    <ignored/>
  </testcase> <!-- test_five_alert_pop_up -->
  <testcase name="JQuery_Dual_List_Box" time="0.0" classname="Node_Remote.Chrome_Node_Remote">
    <ignored/>
  </testcase> <!-- JQuery_Dual_List_Box -->
</testsuite> <!-- Node_FireFox_Chrome -->
